<?xml version="1.0" encoding="UTF-8"?>
<!-- Generated by org.testng.reporters.JUnitReportReporter -->
<testsuite hostname="DESKTOP-QQJINFP" failures="0" tests="3" name="pruebas.PracticaM4bTest" time="4.734" errors="0" timestamp="2024-08-02T19:48:22 ART" skipped="0">
  <testcase classname="pruebas.PracticaM4bTest" name="buscarPalabra" time="1.943"/>
  <testcase classname="pruebas.PracticaM4bTest" name="buscarPalabra" time="2.020"/>
  <testcase classname="pruebas.PracticaM4bTest" name="buscarPalabra" time="0.771"/>
</testsuite> <!-- pruebas.PracticaM4bTest -->
