<?xml version="1.0" encoding="UTF-8"?>
<!-- Generated by org.testng.reporters.JUnitReportReporter -->
<testsuite hostname="DESKTOP-QQJINFP" failures="0" tests="1" name="pruebas.PracticaM5bTest" time="0.313" errors="0" timestamp="2024-08-02T19:30:47 ART" skipped="0">
  <testcase classname="pruebas.PracticaM5bTest" name="alertaPrompt" time="0.313"/>
</testsuite> <!-- pruebas.PracticaM5bTest -->
