<?xml version="1.0" encoding="UTF-8"?>
<!-- Generated by org.testng.reporters.JUnitReportReporter -->
<testsuite hostname="DESKTOP-QQJINFP" failures="0" tests="5" name="pruebas.PracticaM5Test" time="8.956" errors="0" timestamp="2024-07-30T20:19:31 ART" skipped="0">
  <testcase classname="pruebas.PracticaM5Test" name="iniciarSesion" time="1.636"/>
  <testcase classname="pruebas.PracticaM5Test" name="iniciarSesion" time="1.708"/>
  <testcase classname="pruebas.PracticaM5Test" name="iniciarSesion" time="2.049"/>
  <testcase classname="pruebas.PracticaM5Test" name="iniciarSesion" time="1.835"/>
  <testcase classname="pruebas.PracticaM5Test" name="iniciarSesion" time="1.728"/>
</testsuite> <!-- pruebas.PracticaM5Test -->
