<?xml version="1.0" encoding="UTF-8"?>
<!-- Generated by org.testng.reporters.JUnitReportReporter -->
<testsuite hostname="DESKTOP-QQJINFP" failures="0" tests="1" name="edit.EducacionIT_72609.PracticaM3" time="20.937" errors="0" timestamp="2024-07-23T20:58:45 ART" skipped="0">
  <testcase classname="edit.EducacionIT_72609.PracticaM3" name="irAContactanos" time="20.937"/>
</testsuite> <!-- edit.EducacionIT_72609.PracticaM3 -->
