<?xml version="1.0" encoding="UTF-8"?>
<!-- Generated by org.testng.reporters.JUnitReportReporter -->
<testsuite hostname="DESKTOP-QQJINFP" failures="0" tests="1" name="edit.EducacionIT_72609.PracticaM2" time="18.443" errors="0" timestamp="2024-07-19T19:55:01 ART" skipped="0">
  <testcase classname="edit.EducacionIT_72609.PracticaM2" name="registrarUsuario" time="18.443"/>
</testsuite> <!-- edit.EducacionIT_72609.PracticaM2 -->
