<?xml version="1.0" encoding="UTF-8"?>
<!-- Generated by org.testng.reporters.JUnitReportReporter -->
<testsuite hostname="DESKTOP-QQJINFP" failures="0" tests="1" name="edit.EducacionIT_72609.PracticaM1" time="10.335" errors="0" timestamp="2024-07-19T19:55:01 ART" skipped="0">
  <testcase classname="edit.EducacionIT_72609.PracticaM1" name="buscarPalabraEdge" time="10.335"/>
</testsuite> <!-- edit.EducacionIT_72609.PracticaM1 -->
