<?xml version="1.0" encoding="UTF-8"?>
<!-- Generated by org.testng.reporters.JUnitReportReporter -->
<testsuite hostname="DESKTOP-QQJINFP" failures="0" tests="1" name="edit.EducacionIT_72609.AccesoABaseDeDatosTest" time="1.770" errors="0" timestamp="2024-08-02T20:24:01 ART" skipped="0">
  <testcase classname="edit.EducacionIT_72609.AccesoABaseDeDatosTest" name="testBaseDeDatos" time="1.770"/>
</testsuite> <!-- edit.EducacionIT_72609.AccesoABaseDeDatosTest -->
