<?xml version="1.0" encoding="UTF-8"?>
<!-- Generated by org.testng.reporters.JUnitReportReporter -->
<testsuite hostname="DESKTOP-QQJINFP" failures="0" tests="1" name="pruebas.PracticaM4Test" time="3.311" errors="0" timestamp="2024-07-26T20:08:54 ART" skipped="0">
  <testcase classname="pruebas.PracticaM4Test" name="iniciarSesion" time="3.311"/>
</testsuite> <!-- pruebas.PracticaM4Test -->
